<?xml version="1.0" encoding="utf-8" standalone="no"?>
<!--This file represents the results of running a test suite-->
<test-results name="D:\Mine\TestDll\TestDll\bin\Release\TestDll.exe" total="0" errors="0" failures="0" not-run="0" inconclusive="0" ignored="0" skipped="0" invalid="0" date="2022-12-19" time="16:23:38">
  <environment nunit-version="2.7.0.0" clr-version="2.0.50727.5420" os-version="Microsoft Windows NT 6.1.7601 Service Pack 1" platform="Win32NT" cwd="C:\Program Files (x86)\NUnit 2.7.0\bin" machine-name="OCTO" user="Helga" user-domain="OCTO" />
  <culture-info current-culture="ru-RU" current-uiculture="ru-RU" />
  <test-suite type="Assembly" name="D:\Mine\TestDll\TestDll\bin\Release\TestDll.exe" executed="True" result="Inconclusive" success="False" time="0.012" asserts="0" />
</test-results>